This is pdfTeXk, Version 3.141592-1.40.3 (Web2C 7.5.6) (format=pdflatex 2015.9.25)  9 NOV 2017 11:34
entering extended mode
 %&-line parsing enabled.
**pandora_script.tex
(./pandora_script.tex
LaTeX2e <2005/12/01>
Babel <v3.8h> and hyphenation patterns for english, usenglishmax, dumylang, noh
yphenation, arabic, basque, bulgarian, coptic, welsh, czech, slovak, german, ng
erman, danish, esperanto, spanish, catalan, galician, estonian, farsi, finnish,
 french, greek, monogreek, ancientgreek, croatian, hungarian, interlingua, ibyc
us, indonesian, icelandic, italian, latin, mongolian, dutch, norsk, polish, por
tuguese, pinyin, romanian, russian, slovenian, uppersorbian, serbian, swedish, 
turkish, ukenglish, ukrainian, loaded.
(/usr/share/texmf/tex/latex/extsizes/extreport.cls
Document Class: extreport 1996/10/08 v1.0 Non Standard LaTeX document class
(/usr/share/texmf/tex/latex/extsizes/size9.clo
File: size9.clo 1999/11/11 v1.4a NON-Standard LaTeX file (size option)
)
(/usr/share/texmf/tex/latex/base/exscale.sty
Package: exscale 1997/06/16 v2.1g Standard LaTeX package exscale
LaTeX Font Info:    Redeclaring symbol font `largesymbols' on input line 52.
LaTeX Font Info:    Overwriting symbol font `largesymbols' in version `normal'
(Font)                  OMX/cmex/m/n --> OMX/cmex/m/n on input line 52.
LaTeX Font Info:    Overwriting symbol font `largesymbols' in version `bold'
(Font)                  OMX/cmex/m/n --> OMX/cmex/m/n on input line 52.
\big@size=\dimen102
)
\c@part=\count79
\c@chapter=\count80
\c@section=\count81
\c@subsection=\count82
\c@subsubsection=\count83
\c@paragraph=\count84
\c@subparagraph=\count85
\c@figure=\count86
\c@table=\count87
\abovecaptionskip=\skip41
\belowcaptionskip=\skip42
\bibindent=\dimen103
)
(/usr/share/texmf/tex/latex/amsmath/amsmath.sty
Package: amsmath 2000/07/18 v2.13 AMS math features
\@mathmargin=\skip43

For additional information on amsmath, use the `?' option.
(/usr/share/texmf/tex/latex/amsmath/amstext.sty
Package: amstext 2000/06/29 v2.01

(/usr/share/texmf/tex/latex/amsmath/amsgen.sty
File: amsgen.sty 1999/11/30 v2.0
\@emptytoks=\toks14
\ex@=\dimen104
))
(/usr/share/texmf/tex/latex/amsmath/amsbsy.sty
Package: amsbsy 1999/11/29 v1.2d
\pmbraise@=\dimen105
)
(/usr/share/texmf/tex/latex/amsmath/amsopn.sty
Package: amsopn 1999/12/14 v2.01 operator names
)
\inf@bad=\count88
LaTeX Info: Redefining \frac on input line 211.
\uproot@=\count89
\leftroot@=\count90
LaTeX Info: Redefining \overline on input line 307.
\classnum@=\count91
\DOTSCASE@=\count92
LaTeX Info: Redefining \ldots on input line 379.
LaTeX Info: Redefining \dots on input line 382.
LaTeX Info: Redefining \cdots on input line 467.
\Mathstrutbox@=\box26
\strutbox@=\box27
\big@size=\dimen106
LaTeX Font Info:    Redeclaring font encoding OML on input line 567.
LaTeX Font Info:    Redeclaring font encoding OMS on input line 568.
\macc@depth=\count93
\c@MaxMatrixCols=\count94
\dotsspace@=\muskip10
\c@parentequation=\count95
\dspbrk@lvl=\count96
\tag@help=\toks15
\row@=\count97
\column@=\count98
\maxfields@=\count99
\andhelp@=\toks16
\eqnshift@=\dimen107
\alignsep@=\dimen108
\tagshift@=\dimen109
\tagwidth@=\dimen110
\totwidth@=\dimen111
\lineht@=\dimen112
\@envbody=\toks17
\multlinegap=\skip44
\multlinetaggap=\skip45
\mathdisplay@stack=\toks18
LaTeX Info: Redefining \[ on input line 2666.
LaTeX Info: Redefining \] on input line 2667.
)
(/usr/share/texmf/tex/latex/amsfonts/amssymb.sty
Package: amssymb 2002/01/22 v2.2d

(/usr/share/texmf/tex/latex/amsfonts/amsfonts.sty
Package: amsfonts 2001/10/25 v2.2f
\symAMSa=\mathgroup4
\symAMSb=\mathgroup5
LaTeX Font Info:    Overwriting math alphabet `\mathfrak' in version `bold'
(Font)                  U/euf/m/n --> U/euf/b/n on input line 132.
))
(/usr/share/texmf/tex/latex/base/makeidx.sty
Package: makeidx 2000/03/29 v1.0m Standard LaTeX package
)
(/usr/share/texmf/tex/latex/graphics/graphicx.sty
Package: graphicx 1999/02/16 v1.0f Enhanced LaTeX Graphics (DPC,SPQR)

(/usr/share/texmf/tex/latex/graphics/keyval.sty
Package: keyval 1999/03/16 v1.13 key=value parser (DPC)
\KV@toks@=\toks19
)
(/usr/share/texmf/tex/latex/graphics/graphics.sty
Package: graphics 2006/02/20 v1.0o Standard LaTeX Graphics (DPC,SPQR)

(/usr/share/texmf/tex/latex/graphics/trig.sty
Package: trig 1999/03/16 v1.09 sin cos tan (DPC)
)
(/usr/share/texmf/tex/latex/config/graphics.cfg
File: graphics.cfg 2007/01/18 v1.5 graphics configuration of teTeX/TeXLive
)
Package graphics Info: Driver file: pdftex.def on input line 90.

(/usr/share/texmf/tex/latex/pdftex-def/pdftex.def
File: pdftex.def 2007/01/08 v0.04d Graphics/color for pdfTeX
\Gread@gobject=\count100
))
\Gin@req@height=\dimen113
\Gin@req@width=\dimen114
)
(/usr/share/texmf/tex/latex/base/inputenc.sty
Package: inputenc 2006/05/05 v1.1b Input encoding file
\inpenc@prehook=\toks20
\inpenc@posthook=\toks21

(/usr/share/texmf/tex/latex/base/utf8.def
File: utf8.def 2006/03/30 v1.1i UTF-8 support for inputenc
Now handling font encoding OML ...
... no UTF-8 mapping file for font encoding OML
Now handling font encoding T1 ...
... processing UTF-8 mapping file for font encodingT1

(/usr/share/texmf/tex/latex/base/t1enc.dfu
File: t1enc.dfu 2006/03/30 v1.1i UTF-8 support for inputenc
   defining Unicode char U+00A1 (decimal 161)
   defining Unicode char U+00A3 (decimal 163)
   defining Unicode char U+00AB (decimal 171)
   defining Unicode char U+00BB (decimal 187)
   defining Unicode char U+00BF (decimal 191)
   defining Unicode char U+00C0 (decimal 192)
   defining Unicode char U+00C1 (decimal 193)
   defining Unicode char U+00C2 (decimal 194)
   defining Unicode char U+00C3 (decimal 195)
   defining Unicode char U+00C4 (decimal 196)
   defining Unicode char U+00C5 (decimal 197)
   defining Unicode char U+00C6 (decimal 198)
   defining Unicode char U+00C7 (decimal 199)
   defining Unicode char U+00C8 (decimal 200)
   defining Unicode char U+00C9 (decimal 201)
   defining Unicode char U+00CA (decimal 202)
   defining Unicode char U+00CB (decimal 203)
   defining Unicode char U+00CC (decimal 204)
   defining Unicode char U+00CD (decimal 205)
   defining Unicode char U+00CE (decimal 206)
   defining Unicode char U+00CF (decimal 207)
   defining Unicode char U+00D0 (decimal 208)
   defining Unicode char U+00D1 (decimal 209)
   defining Unicode char U+00D2 (decimal 210)
   defining Unicode char U+00D3 (decimal 211)
   defining Unicode char U+00D4 (decimal 212)
   defining Unicode char U+00D5 (decimal 213)
   defining Unicode char U+00D6 (decimal 214)
   defining Unicode char U+00D8 (decimal 216)
   defining Unicode char U+00D9 (decimal 217)
   defining Unicode char U+00DA (decimal 218)
   defining Unicode char U+00DB (decimal 219)
   defining Unicode char U+00DC (decimal 220)
   defining Unicode char U+00DD (decimal 221)
   defining Unicode char U+00DE (decimal 222)
   defining Unicode char U+00DF (decimal 223)
   defining Unicode char U+00E0 (decimal 224)
   defining Unicode char U+00E1 (decimal 225)
   defining Unicode char U+00E2 (decimal 226)
   defining Unicode char U+00E3 (decimal 227)
   defining Unicode char U+00E4 (decimal 228)
   defining Unicode char U+00E5 (decimal 229)
   defining Unicode char U+00E6 (decimal 230)
   defining Unicode char U+00E7 (decimal 231)
   defining Unicode char U+00E8 (decimal 232)
   defining Unicode char U+00E9 (decimal 233)
   defining Unicode char U+00EA (decimal 234)
   defining Unicode char U+00EB (decimal 235)
   defining Unicode char U+00EC (decimal 236)
   defining Unicode char U+00ED (decimal 237)
   defining Unicode char U+00EE (decimal 238)
   defining Unicode char U+00EF (decimal 239)
   defining Unicode char U+00F0 (decimal 240)
   defining Unicode char U+00F1 (decimal 241)
   defining Unicode char U+00F2 (decimal 242)
   defining Unicode char U+00F3 (decimal 243)
   defining Unicode char U+00F4 (decimal 244)
   defining Unicode char U+00F5 (decimal 245)
   defining Unicode char U+00F6 (decimal 246)
   defining Unicode char U+00F8 (decimal 248)
   defining Unicode char U+00F9 (decimal 249)
   defining Unicode char U+00FA (decimal 250)
   defining Unicode char U+00FB (decimal 251)
   defining Unicode char U+00FC (decimal 252)
   defining Unicode char U+00FD (decimal 253)
   defining Unicode char U+00FE (decimal 254)
   defining Unicode char U+00FF (decimal 255)
   defining Unicode char U+0102 (decimal 258)
   defining Unicode char U+0103 (decimal 259)
   defining Unicode char U+0104 (decimal 260)
   defining Unicode char U+0105 (decimal 261)
   defining Unicode char U+0106 (decimal 262)
   defining Unicode char U+0107 (decimal 263)
   defining Unicode char U+010C (decimal 268)
   defining Unicode char U+010D (decimal 269)
   defining Unicode char U+010E (decimal 270)
   defining Unicode char U+010F (decimal 271)
   defining Unicode char U+0110 (decimal 272)
   defining Unicode char U+0111 (decimal 273)
   defining Unicode char U+0118 (decimal 280)
   defining Unicode char U+0119 (decimal 281)
   defining Unicode char U+011A (decimal 282)
   defining Unicode char U+011B (decimal 283)
   defining Unicode char U+011E (decimal 286)
   defining Unicode char U+011F (decimal 287)
   defining Unicode char U+0130 (decimal 304)
   defining Unicode char U+0131 (decimal 305)
   defining Unicode char U+0132 (decimal 306)
   defining Unicode char U+0133 (decimal 307)
   defining Unicode char U+0139 (decimal 313)
   defining Unicode char U+013A (decimal 314)
   defining Unicode char U+013D (decimal 317)
   defining Unicode char U+013E (decimal 318)
   defining Unicode char U+0141 (decimal 321)
   defining Unicode char U+0142 (decimal 322)
   defining Unicode char U+0143 (decimal 323)
   defining Unicode char U+0144 (decimal 324)
   defining Unicode char U+0147 (decimal 327)
   defining Unicode char U+0148 (decimal 328)
   defining Unicode char U+014A (decimal 330)
   defining Unicode char U+014B (decimal 331)
   defining Unicode char U+0150 (decimal 336)
   defining Unicode char U+0151 (decimal 337)
   defining Unicode char U+0152 (decimal 338)
   defining Unicode char U+0153 (decimal 339)
   defining Unicode char U+0154 (decimal 340)
   defining Unicode char U+0155 (decimal 341)
   defining Unicode char U+0158 (decimal 344)
   defining Unicode char U+0159 (decimal 345)
   defining Unicode char U+015A (decimal 346)
   defining Unicode char U+015B (decimal 347)
   defining Unicode char U+015E (decimal 350)
   defining Unicode char U+015F (decimal 351)
   defining Unicode char U+0160 (decimal 352)
   defining Unicode char U+0161 (decimal 353)
   defining Unicode char U+0162 (decimal 354)
   defining Unicode char U+0163 (decimal 355)
   defining Unicode char U+0164 (decimal 356)
   defining Unicode char U+0165 (decimal 357)
   defining Unicode char U+016E (decimal 366)
   defining Unicode char U+016F (decimal 367)
   defining Unicode char U+0170 (decimal 368)
   defining Unicode char U+0171 (decimal 369)
   defining Unicode char U+0178 (decimal 376)
   defining Unicode char U+0179 (decimal 377)
   defining Unicode char U+017A (decimal 378)
   defining Unicode char U+017B (decimal 379)
   defining Unicode char U+017C (decimal 380)
   defining Unicode char U+017D (decimal 381)
   defining Unicode char U+017E (decimal 382)
   defining Unicode char U+200C (decimal 8204)
   defining Unicode char U+2013 (decimal 8211)
   defining Unicode char U+2014 (decimal 8212)
   defining Unicode char U+2018 (decimal 8216)
   defining Unicode char U+2019 (decimal 8217)
   defining Unicode char U+201A (decimal 8218)
   defining Unicode char U+201C (decimal 8220)
   defining Unicode char U+201D (decimal 8221)
   defining Unicode char U+201E (decimal 8222)
   defining Unicode char U+2030 (decimal 8240)
   defining Unicode char U+2031 (decimal 8241)
   defining Unicode char U+2039 (decimal 8249)
   defining Unicode char U+203A (decimal 8250)
   defining Unicode char U+2423 (decimal 9251)
)
Now handling font encoding OT1 ...
... processing UTF-8 mapping file for font encodingOT1

(/usr/share/texmf/tex/latex/base/ot1enc.dfu
File: ot1enc.dfu 2006/03/30 v1.1i UTF-8 support for inputenc
   defining Unicode char U+00A1 (decimal 161)
   defining Unicode char U+00A3 (decimal 163)
   defining Unicode char U+00B8 (decimal 184)
   defining Unicode char U+00BF (decimal 191)
   defining Unicode char U+00C5 (decimal 197)
   defining Unicode char U+00C6 (decimal 198)
   defining Unicode char U+00D8 (decimal 216)
   defining Unicode char U+00DF (decimal 223)
   defining Unicode char U+00E6 (decimal 230)
   defining Unicode char U+00EC (decimal 236)
   defining Unicode char U+00ED (decimal 237)
   defining Unicode char U+00EE (decimal 238)
   defining Unicode char U+00EF (decimal 239)
   defining Unicode char U+00F8 (decimal 248)
   defining Unicode char U+0131 (decimal 305)
   defining Unicode char U+0141 (decimal 321)
   defining Unicode char U+0142 (decimal 322)
   defining Unicode char U+0152 (decimal 338)
   defining Unicode char U+0153 (decimal 339)
   defining Unicode char U+2013 (decimal 8211)
   defining Unicode char U+2014 (decimal 8212)
   defining Unicode char U+2018 (decimal 8216)
   defining Unicode char U+2019 (decimal 8217)
   defining Unicode char U+201C (decimal 8220)
   defining Unicode char U+201D (decimal 8221)
)
Now handling font encoding OMS ...
... processing UTF-8 mapping file for font encodingOMS

(/usr/share/texmf/tex/latex/base/omsenc.dfu
File: omsenc.dfu 2006/03/30 v1.1i UTF-8 support for inputenc
   defining Unicode char U+00A7 (decimal 167)
   defining Unicode char U+00B6 (decimal 182)
   defining Unicode char U+00B7 (decimal 183)
   defining Unicode char U+2020 (decimal 8224)
   defining Unicode char U+2021 (decimal 8225)
   defining Unicode char U+2022 (decimal 8226)
)
Now handling font encoding OMX ...
... no UTF-8 mapping file for font encoding OMX
Now handling font encoding U ...
... no UTF-8 mapping file for font encoding U
   defining Unicode char U+00A9 (decimal 169)
   defining Unicode char U+00AA (decimal 170)
   defining Unicode char U+00AE (decimal 174)
   defining Unicode char U+00BA (decimal 186)
   defining Unicode char U+02C6 (decimal 710)
   defining Unicode char U+02DC (decimal 732)
   defining Unicode char U+200C (decimal 8204)
   defining Unicode char U+2026 (decimal 8230)
   defining Unicode char U+2122 (decimal 8482)
   defining Unicode char U+2423 (decimal 9251)
))
(/usr/share/texmf/tex/latex/base/fontenc.sty
Package: fontenc 2005/09/27 v1.99g Standard LaTeX package

(/usr/share/texmf/tex/latex/base/t1enc.def
File: t1enc.def 2005/09/27 v1.99g Standard LaTeX file
LaTeX Font Info:    Redeclaring font encoding T1 on input line 43.
))
(/usr/share/texmf/tex/latex/base/textcomp.sty
Package: textcomp 2005/09/27 v1.99g Standard LaTeX package
Package textcomp Info: Sub-encoding information:
(textcomp)               5 = only ISO-Adobe without \textcurrency
(textcomp)               4 = 5 + \texteuro
(textcomp)               3 = 4 + \textohm
(textcomp)               2 = 3 + \textestimated + \textcurrency
(textcomp)               1 = TS1 - \textcircled - \t
(textcomp)               0 = TS1 (full)
(textcomp)             Font families with sub-encoding setting implement
(textcomp)             only a restricted character set as indicated.
(textcomp)             Family '?' is the default used for unknown fonts.
(textcomp)             See the documentation for details.
Package textcomp Info: Setting ? sub-encoding to TS1/1 on input line 71.

(/usr/share/texmf/tex/latex/base/ts1enc.def
File: ts1enc.def 2001/06/05 v3.0e (jk/car/fm) Standard LaTeX file
Now handling font encoding TS1 ...
... processing UTF-8 mapping file for font encoding TS1

(/usr/share/texmf/tex/latex/base/ts1enc.dfu
File: ts1enc.dfu 2006/03/30 v1.1i UTF-8 support for inputenc
   defining Unicode char U+00A2 (decimal 162)
   defining Unicode char U+00A3 (decimal 163)
   defining Unicode char U+00A4 (decimal 164)
   defining Unicode char U+00A5 (decimal 165)
   defining Unicode char U+00A6 (decimal 166)
   defining Unicode char U+00A7 (decimal 167)
   defining Unicode char U+00A8 (decimal 168)
   defining Unicode char U+00A9 (decimal 169)
   defining Unicode char U+00AA (decimal 170)
   defining Unicode char U+00AC (decimal 172)
   defining Unicode char U+00AE (decimal 174)
   defining Unicode char U+00AF (decimal 175)
   defining Unicode char U+00B0 (decimal 176)
   defining Unicode char U+00B1 (decimal 177)
   defining Unicode char U+00B2 (decimal 178)
   defining Unicode char U+00B3 (decimal 179)
   defining Unicode char U+00B4 (decimal 180)
   defining Unicode char U+00B5 (decimal 181)
   defining Unicode char U+00B6 (decimal 182)
   defining Unicode char U+00B7 (decimal 183)
   defining Unicode char U+00B9 (decimal 185)
   defining Unicode char U+00BA (decimal 186)
   defining Unicode char U+00BC (decimal 188)
   defining Unicode char U+00BD (decimal 189)
   defining Unicode char U+00BE (decimal 190)
   defining Unicode char U+00D7 (decimal 215)
   defining Unicode char U+00F7 (decimal 247)
   defining Unicode char U+0192 (decimal 402)
   defining Unicode char U+02C7 (decimal 711)
   defining Unicode char U+02D8 (decimal 728)
   defining Unicode char U+02DD (decimal 733)
   defining Unicode char U+0E3F (decimal 3647)
   defining Unicode char U+2016 (decimal 8214)
   defining Unicode char U+2020 (decimal 8224)
   defining Unicode char U+2021 (decimal 8225)
   defining Unicode char U+2022 (decimal 8226)
   defining Unicode char U+2030 (decimal 8240)
   defining Unicode char U+2031 (decimal 8241)
   defining Unicode char U+203B (decimal 8251)
   defining Unicode char U+203D (decimal 8253)
   defining Unicode char U+2044 (decimal 8260)
   defining Unicode char U+204E (decimal 8270)
   defining Unicode char U+2052 (decimal 8274)
   defining Unicode char U+20A1 (decimal 8353)
   defining Unicode char U+20A4 (decimal 8356)
   defining Unicode char U+20A6 (decimal 8358)
   defining Unicode char U+20A9 (decimal 8361)
   defining Unicode char U+20AB (decimal 8363)
   defining Unicode char U+20AC (decimal 8364)
   defining Unicode char U+20B1 (decimal 8369)
   defining Unicode char U+2103 (decimal 8451)
   defining Unicode char U+2116 (decimal 8470)
   defining Unicode char U+2117 (decimal 8471)
   defining Unicode char U+211E (decimal 8478)
   defining Unicode char U+2120 (decimal 8480)
   defining Unicode char U+2122 (decimal 8482)
   defining Unicode char U+2126 (decimal 8486)
   defining Unicode char U+2127 (decimal 8487)
   defining Unicode char U+212E (decimal 8494)
   defining Unicode char U+2190 (decimal 8592)
   defining Unicode char U+2191 (decimal 8593)
   defining Unicode char U+2192 (decimal 8594)
   defining Unicode char U+2193 (decimal 8595)
   defining Unicode char U+2329 (decimal 9001)
   defining Unicode char U+232A (decimal 9002)
   defining Unicode char U+2422 (decimal 9250)
   defining Unicode char U+25E6 (decimal 9702)
   defining Unicode char U+25EF (decimal 9711)
   defining Unicode char U+266A (decimal 9834)
))
LaTeX Info: Redefining \oldstylenums on input line 266.
Package textcomp Info: Setting cmr sub-encoding to TS1/0 on input line 281.
Package textcomp Info: Setting cmss sub-encoding to TS1/0 on input line 282.
Package textcomp Info: Setting cmtt sub-encoding to TS1/0 on input line 283.
Package textcomp Info: Setting cmvtt sub-encoding to TS1/0 on input line 284.
Package textcomp Info: Setting cmbr sub-encoding to TS1/0 on input line 285.
Package textcomp Info: Setting cmtl sub-encoding to TS1/0 on input line 286.
Package textcomp Info: Setting ccr sub-encoding to TS1/0 on input line 287.
Package textcomp Info: Setting ptm sub-encoding to TS1/4 on input line 288.
Package textcomp Info: Setting pcr sub-encoding to TS1/4 on input line 289.
Package textcomp Info: Setting phv sub-encoding to TS1/4 on input line 290.
Package textcomp Info: Setting ppl sub-encoding to TS1/3 on input line 291.
Package textcomp Info: Setting pag sub-encoding to TS1/4 on input line 292.
Package textcomp Info: Setting pbk sub-encoding to TS1/4 on input line 293.
Package textcomp Info: Setting pnc sub-encoding to TS1/4 on input line 294.
Package textcomp Info: Setting pzc sub-encoding to TS1/4 on input line 295.
Package textcomp Info: Setting bch sub-encoding to TS1/4 on input line 296.
Package textcomp Info: Setting put sub-encoding to TS1/5 on input line 297.
Package textcomp Info: Setting uag sub-encoding to TS1/5 on input line 298.
Package textcomp Info: Setting ugq sub-encoding to TS1/5 on input line 299.
Package textcomp Info: Setting ul8 sub-encoding to TS1/4 on input line 300.
Package textcomp Info: Setting ul9 sub-encoding to TS1/4 on input line 301.
Package textcomp Info: Setting augie sub-encoding to TS1/5 on input line 302.
Package textcomp Info: Setting dayrom sub-encoding to TS1/3 on input line 303.
Package textcomp Info: Setting dayroms sub-encoding to TS1/3 on input line 304.

Package textcomp Info: Setting pxr sub-encoding to TS1/0 on input line 305.
Package textcomp Info: Setting pxss sub-encoding to TS1/0 on input line 306.
Package textcomp Info: Setting pxtt sub-encoding to TS1/0 on input line 307.
Package textcomp Info: Setting txr sub-encoding to TS1/0 on input line 308.
Package textcomp Info: Setting txss sub-encoding to TS1/0 on input line 309.
Package textcomp Info: Setting txtt sub-encoding to TS1/0 on input line 310.
Package textcomp Info: Setting futs sub-encoding to TS1/4 on input line 311.
Package textcomp Info: Setting futx sub-encoding to TS1/4 on input line 312.
Package textcomp Info: Setting futj sub-encoding to TS1/4 on input line 313.
Package textcomp Info: Setting hlh sub-encoding to TS1/3 on input line 314.
Package textcomp Info: Setting hls sub-encoding to TS1/3 on input line 315.
Package textcomp Info: Setting hlst sub-encoding to TS1/3 on input line 316.
Package textcomp Info: Setting hlct sub-encoding to TS1/5 on input line 317.
Package textcomp Info: Setting hlx sub-encoding to TS1/5 on input line 318.
Package textcomp Info: Setting hlce sub-encoding to TS1/5 on input line 319.
Package textcomp Info: Setting hlcn sub-encoding to TS1/5 on input line 320.
Package textcomp Info: Setting hlcw sub-encoding to TS1/5 on input line 321.
Package textcomp Info: Setting hlcf sub-encoding to TS1/5 on input line 322.
Package textcomp Info: Setting pplx sub-encoding to TS1/3 on input line 323.
Package textcomp Info: Setting pplj sub-encoding to TS1/3 on input line 324.
Package textcomp Info: Setting ptmx sub-encoding to TS1/4 on input line 325.
Package textcomp Info: Setting ptmj sub-encoding to TS1/4 on input line 326.
)
(/usr/share/texmf/tex/latex/float/float.sty
Package: float 2001/11/08 v1.3d Float enhancements (AL)
\c@float@type=\count101
\float@exts=\toks22
\float@box=\box28
\@float@everytoks=\toks23
\@floatcapt=\box29
)
(/usr/share/texmf/tex/latex/pdfpages/pdfpages.sty
Package: pdfpages 2006/08/12 v0.4a Insert pages of external PDF documents (AM)

(/usr/share/texmf/tex/latex/base/ifthen.sty
Package: ifthen 2001/05/26 v1.1c Standard LaTeX ifthen package (DPC)
)
(/usr/share/texmf/tex/latex/tools/calc.sty
Package: calc 2005/08/06 v4.2 Infix arithmetic (KKT,FJ)
\calc@Acount=\count102
\calc@Bcount=\count103
\calc@Adimen=\dimen115
\calc@Bdimen=\dimen116
\calc@Askip=\skip46
\calc@Bskip=\skip47
LaTeX Info: Redefining \setlength on input line 75.
LaTeX Info: Redefining \addtolength on input line 76.
\calc@Ccount=\count104
\calc@Cskip=\skip48
)
(/usr/share/texmf/tex/latex/eso-pic/eso-pic.sty
Package: eso-pic 2006/07/14 v1.1d eso-pic (RN)

(/usr/share/texmf/tex/latex/everyshi/everyshi.sty
Package: everyshi 2001/05/15 v3.00 EveryShipout Package (MS)
))
(/usr/share/texmf/tex/latex/pdfpages/pppdftex.def
File: pppdftex.def 2006/08/12 v0.4a Pdfpages driver for pdfTeX (AM)
)
\AM@pagebox=\box30
\AM@toc@title=\toks24
\c@AM@survey=\count105
)
(/usr/share/texmf/tex/latex/tools/verbatim.sty
Package: verbatim 2003/08/22 v1.5q LaTeX2e package for verbatim enhancements
\every@verbatim=\toks25
\verbatim@line=\toks26
\verbatim@in@stream=\read1
)
(/usr/share/texmf/tex/latex/fancyvrb/fancyvrb.sty
Package: fancyvrb 1998/07/17

Style option: `fancyvrb' v2.6, with DG/SPQR fixes <1998/07/17> (tvz)
\FV@CodeLineNo=\count106
\FV@InFile=\read2
\FV@TabBox=\box31
\c@FancyVerbLine=\count107
\FV@StepNumber=\count108
\FV@OutFile=\write3

No file fancyvrb.cfg.
) (/usr/share/texmf/tex/latex/xcolor/xcolor.sty
Package: xcolor 2007/01/21 v2.11 LaTeX color extensions (UK)

(/usr/share/texmf/tex/latex/config/color.cfg
File: color.cfg 2007/01/18 v1.5 color configuration of teTeX/TeXLive
)
Package xcolor Info: Driver file: pdftex.def on input line 225.
Package xcolor Info: Model `cmy' substituted by `cmy0' on input line 1337.
Package xcolor Info: Model `hsb' substituted by `rgb' on input line 1341.
Package xcolor Info: Model `RGB' extended on input line 1353.
Package xcolor Info: Model `HTML' substituted by `rgb' on input line 1355.
Package xcolor Info: Model `Hsb' substituted by `hsb' on input line 1356.
Package xcolor Info: Model `tHsb' substituted by `hsb' on input line 1357.
Package xcolor Info: Model `HSB' substituted by `hsb' on input line 1358.
Package xcolor Info: Model `Gray' substituted by `gray' on input line 1359.
Package xcolor Info: Model `wave' substituted by `hsb' on input line 1360.
)
(/usr/share/texmf/tex/latex/base/alltt.sty
Package: alltt 1997/06/16 v2.0g defines alltt environment
)
(/usr/share/texmf/tex/latex/listings/listings.sty
\lst@mode=\count109
\lst@gtempboxa=\box32
\lst@token=\toks27
\lst@length=\count110
\lst@currlwidth=\dimen117
\lst@column=\count111
\lst@pos=\count112
\lst@lostspace=\dimen118
\lst@width=\dimen119
\lst@newlines=\count113
\lst@lineno=\count114
\c@lstlisting=\count115
\lst@maxwidth=\dimen120

(/usr/share/texmf/tex/latex/listings/lstpatch.sty
File: lstpatch.sty 2004/10/17 1.3b (Carsten Heinz)
)
(/usr/share/texmf/tex/latex/listings/lstmisc.sty
File: lstmisc.sty 2004/09/07 1.3 (Carsten Heinz)
\c@lstnumber=\count116
\lst@skipnumbers=\count117
\lst@framebox=\box33
)
(/usr/share/texmf/tex/latex/listings/listings.cfg
File: listings.cfg 2004/09/05 1.3 listings configuration
))
Package: listings 2004/10/17 1.3b (Carsten Heinz)
 (./pandora_script.aux)
\openout1 = `pandora_script.aux'.

LaTeX Font Info:    Checking defaults for OML/cmm/m/it on input line 57.
LaTeX Font Info:    ... okay on input line 57.
LaTeX Font Info:    Checking defaults for T1/cmr/m/n on input line 57.
LaTeX Font Info:    ... okay on input line 57.
LaTeX Font Info:    Checking defaults for OT1/cmr/m/n on input line 57.
LaTeX Font Info:    ... okay on input line 57.
LaTeX Font Info:    Checking defaults for OMS/cmsy/m/n on input line 57.
LaTeX Font Info:    ... okay on input line 57.
LaTeX Font Info:    Checking defaults for OMX/cmex/m/n on input line 57.
LaTeX Font Info:    ... okay on input line 57.
LaTeX Font Info:    Checking defaults for U/cmr/m/n on input line 57.
LaTeX Font Info:    ... okay on input line 57.
LaTeX Font Info:    Checking defaults for TS1/cmr/m/n on input line 57.
LaTeX Font Info:    Try loading font information for TS1+cmr on input line 57.

(/usr/share/texmf/tex/latex/base/ts1cmr.fd
File: ts1cmr.fd 1999/05/25 v2.5h Standard LaTeX font definitions
)
LaTeX Font Info:    ... okay on input line 57.

ABD: EveryShipout initializing macros [1

{/var/lib/texmf/fonts/map/pdftex/updmap/pdftex.map}]
! Undefined control sequence.
l.120 	\frontmatter
                   
? 
(./pandora_script.toc
LaTeX Font Info:    Try loading font information for U+msa on input line 2.
 (/usr/share/texmf/tex/latex/amsfonts/umsa.fd
File: umsa.fd 2002/01/19 v2.2g AMS font definitions
)
LaTeX Font Info:    Try loading font information for U+msb on input line 2.

(/usr/share/texmf/tex/latex/amsfonts/umsb.fd
File: umsb.fd 2002/01/19 v2.2g AMS font definitions
))
\tf@toc=\write4
\openout4 = `pandora_script.toc'.


! Undefined control sequence.
l.124 	\mainmatter
                  
? 
(/var/clus/usera/sv408/pandora_script/chapter1/chapter1.tex [1

]
Chapter 1.
LaTeX Font Info:    Try loading font information for T1+cmtt on input line 12.
(/usr/share/texmf/tex/latex/base/t1cmtt.fd
File: t1cmtt.fd 1999/05/25 v2.5h Standard LaTeX font definitions
)
Overfull \hbox (123.48926pt too wide) in paragraph at lines 22--22
[]\T1/cmtt/m/n/9 cp $UBOONECODE_DIR/job/reco_uboone_mcc7_driver_stage2.fcl ./my
reco_uboone_mcc7_driver_stage2.fcl[] 
 []


Overfull \hbox (65.00078pt too wide) in paragraph at lines 26--27
[]\T1/cmr/m/n/9 The first com-mand shows which files are con-tained in the di-r
ec-tory $\OT1/cmr/m/n/9 $$\T1/cmr/m/n/9 UBOONECODE$[]$DIR/job.
 []

[2

]
Overfull \hbox (18.94238pt too wide) in paragraph at lines 42--43
\T1/cmr/m/n/9 ma-chine, chang-ing the name of the copied file in myreco$[]$uboo
ne$[]$mcc7$[]$driver$[]$stage2. 
 []


Overfull \hbox (14.84079pt too wide) in paragraph at lines 85--85
[]\T1/cmtt/m/n/9 lar -c myreco_uboone_mcc7_driver_stage2.fcl -n 5 /path/to/reco
2/file.root[] 
 []


Overfull \hbox (52.63156pt too wide) in paragraph at lines 93--93
[]\T1/cmtt/m/n/9 /pnfs/uboone/scratch/users/uboonepro/mcc7/v05_08_00/reco2/prod
genie_bnb_nu_uboone[] 
 []

[3]
Overfull \hbox (189.62311pt too wide) in paragraph at lines 113--113
[]\T1/cmtt/m/n/9 cp $UBOONECODE_DIR/scripts/PandoraSettings_MicroBooNE_Neutrino
.xml ./MyPandoraSettings_MicroBooNE_Neutrino.xml[] 
 []

(/usr/share/texmf/tex/latex/listings/lstlang1.sty
File: lstlang1.sty 2004/09/05 1.3 listings language file
)
(/usr/share/texmf/tex/latex/listings/lstmisc.sty
File: lstmisc.sty 2004/09/07 1.3 (Carsten Heinz)
) [4]
(/usr/share/texmf/tex/latex/listings/lstlang1.sty
File: lstlang1.sty 2004/09/05 1.3 listings language file
)
(/usr/share/texmf/tex/latex/listings/lstlang1.sty
File: lstlang1.sty 2004/09/05 1.3 listings language file
)
(/usr/share/texmf/tex/latex/listings/lstmisc.sty
File: lstmisc.sty 2004/09/07 1.3 (Carsten Heinz)
)
Overfull \hbox (14.84079pt too wide) in paragraph at lines 206--206
[]\T1/cmtt/m/n/9 lar -c myreco_uboone_mcc7_driver_stage2.fcl -n 5 /path/to/reco
2/file.root[] 
 []


</var/clus/usera/sv408/pandora_script/pandora.png, id=29, 1027.84pt x 800.9925p
t>
File: /var/clus/usera/sv408/pandora_script/pandora.png Graphic file (type png)
 <use /var/clus/usera/sv408/pandora_script/pandora.png>

LaTeX Warning: `h' float specifier changed to `ht'.


</var/clus/usera/sv408/pandora_script/pandora_2.png, id=30, 1027.84pt x 800.992
5pt>
File: /var/clus/usera/sv408/pandora_script/pandora_2.png Graphic file (type png
)
 <use /var/clus/usera/sv408/pandora_script/pandora_2.png>

LaTeX Warning: `h' float specifier changed to `ht'.

[5]
Overfull \hbox (57.35541pt too wide) in paragraph at lines 236--236
[]\T1/cmtt/m/n/9 cp $LARPANDORA_DIR/scripts/PandoraSettings_Write.xml ./MyPando
raSettings_Write.xml[] 
 []

[6 </var/clus/usera/sv408/pandora_script/pandora.png (PNG copy)> </var/clus/use
ra/sv408/pandora_script/pandora_2.png (PNG copy)>]
Overfull \hbox (14.84079pt too wide) in paragraph at lines 293--293
[]\T1/cmtt/m/n/9 lar -c myreco_uboone_mcc7_driver_stage2.fcl -n 5 /path/to/reco
2/file.root[] 
 []

) (/var/clus/usera/sv408/pandora_script/chapter2/chapter2.tex [7]
Chapter 2.

Overfull \hbox (30.36641pt too wide) in paragraph at lines 23--24
[]\T1/cmr/m/n/9 This is to set the iden-ti-fiers MY$[]$TEST$[]$AREA, ROOT$[]$CM
AKE$[]$MODULE$[]$PATH
 []

[8

] [9]
Overfull \hbox (99.87003pt too wide) in paragraph at lines 102--102
[]\T1/cmtt/m/n/9 cmake -DCMAKE_MODULE_PATH="$ROOT_CMAKE_MODULE_PATH;$MY_TEST_AR
EA/PandoraPFA/cmakemodules" \[] 
 []


Overfull \hbox (99.87003pt too wide) in paragraph at lines 103--103
[]\T1/cmtt/m/n/9 -DPandoraSDK_DIR=$MY_TEST_AREA/PandoraPFA -DPANDORA_MONITORING
=ON                         \[] 
 []


Overfull \hbox (99.87003pt too wide) in paragraph at lines 104--104
[]\T1/cmtt/m/n/9 -DPandoraMonitoring_DIR=$MY_TEST_AREA/PandoraPFA              
                            \[] 
 []


Overfull \hbox (14.84079pt too wide) in paragraph at lines 105--105
[]\T1/cmtt/m/n/9 -DLArContent_DIR=$MY_TEST_AREA/PandoraPFA -DCMAKE_CXX_FLAGS=-s
td=c++14 ..[] 
 []

[10]
Overfull \hbox (99.87003pt too wide) in paragraph at lines 205--205
[]\T1/cmtt/m/n/9 cmake -DCMAKE_MODULE_PATH="$ROOT_CMAKE_MODULE_PATH;$MY_TEST_AR
EA/PandoraPFA/cmakemodules" \[] 
 []


Overfull \hbox (99.87003pt too wide) in paragraph at lines 206--206
[]\T1/cmtt/m/n/9 -DPandoraSDK_DIR=$MY_TEST_AREA/PandoraPFA -DPANDORA_MONITORING
=ON                         \[] 
 []


Overfull \hbox (99.87003pt too wide) in paragraph at lines 207--207
[]\T1/cmtt/m/n/9 -DPandoraMonitoring_DIR=$MY_TEST_AREA/PandoraPFA              
                            \[] 
 []


Overfull \hbox (14.84079pt too wide) in paragraph at lines 208--208
[]\T1/cmtt/m/n/9 -DLArContent_DIR=$MY_TEST_AREA/PandoraPFA -DCMAKE_CXX_FLAGS=-s
td=c++14 ..[] 
 []

[11]
Overfull \hbox (10.11694pt too wide) in paragraph at lines 256--256
[]\T1/cmtt/m/n/9 $MY_TEST_AREA/WorkshopContent/bin/PandoraWorkshop             
         \[] 
 []


Overfull \hbox (10.11694pt too wide) in paragraph at lines 257--257
[]\T1/cmtt/m/n/9 -i $MY_TEST_AREA\WorkshopContent/settings/PandoraSettings_Work
shop.xml \[] 
 []


Overfull \hbox (118.76541pt too wide) in paragraph at lines 267--267
[]\T1/cmtt/m/n/9 PandoraApi::ReadSettings(*pPandora, parameters.m_pandoraSettin
gsFile) throw STATUS_CODE_FAILURE[] 
 []


Overfull \hbox (118.76541pt too wide) in paragraph at lines 269--269
[]    \T1/cmtt/m/n/9 in file:     /usera/sv408/WorkshopContent/workshopcontent/
Test/PandoraWorkshop.cc line#: 88[] 
 []

[12]) (/var/clus/usera/sv408/pandora_script/chapter3/chapter3.tex [13]
Chapter 3.

! LaTeX Error: Environment numVblock undefined.

See the LaTeX manual or LaTeX Companion for explanation.
Type  H <return>  for immediate help.
 ...                                              
                                                  
l.9 \begin{numVblock}
                     \label{code:build}
? 

! LaTeX Error: \begin{document} ended by \end{numVblock}.

See the LaTeX manual or LaTeX Companion for explanation.
Type  H <return>  for immediate help.
 ...                                              
                                                  
l.17 \end{numVblock}
                    
? 
[14

] [15] [16] [17]

! LaTeX Error: Environment numVblock undefined.

See the LaTeX manual or LaTeX Companion for explanation.
Type  H <return>  for immediate help.
 ...                                              
                                                  
l.267 \begin{numVblock}
                       \label{code:launch}
? 

Overfull \hbox (10.11694pt too wide) in paragraph at lines 269--269
[]\T1/cmtt/m/n/9 $MY_TEST_AREA/WorkshopContent/bin/PandoraWorkshop             
         \ 
 []


Overfull \hbox (10.11694pt too wide) in paragraph at lines 270--270
[]\T1/cmtt/m/n/9 -i $MY_TEST_AREA\WorkshopContent/settings/PandoraSettings_Work
shop.xml \[] 
 []


! LaTeX Error: \begin{document} ended by \end{numVblock}.

See the LaTeX manual or LaTeX Companion for explanation.
Type  H <return>  for immediate help.
 ...                                              
                                                  
l.273 \end{numVblock}
                     
? 
(/usr/share/texmf/tex/latex/listings/lstlang1.sty
File: lstlang1.sty 2004/09/05 1.3 listings language file
)
(/usr/share/texmf/tex/latex/listings/lstlang2.sty
File: lstlang2.sty 2004/09/05 1.3 listings language file
)
(/usr/share/texmf/tex/latex/listings/lstlang3.sty
File: lstlang3.sty 2004/09/05 1.3 listings language file
)

! Package Listings Error: Couldn't load requested language.

See the Listings package documentation for explanation.
Type  H <return>  for immediate help.
 ...                                              
                                                  
l.276 ...}[language=Basic, caption=Python example]
                                                  
? 

! Package Listings Error: language basic undefined.

See the Listings package documentation for explanation.
Type  H <return>  for immediate help.
 ...                                              
                                                  
l.276 ...}[language=Basic, caption=Python example]
                                                  
? 
[18]
Overfull \hbox (10.11694pt too wide) in paragraph at lines 314--314
[]\T1/cmtt/m/n/9 $MY_TEST_AREA/WorkshopContent/bin/PandoraWorkshop             
         \ 
 []


Overfull \hbox (10.11694pt too wide) in paragraph at lines 315--315
[]\T1/cmtt/m/n/9 -i $MY_TEST_AREA\WorkshopContent/settings/PandoraSettings_Work
shop.xml \[] 
 []

(/usr/share/texmf/tex/latex/listings/lstlang1.sty
File: lstlang1.sty 2004/09/05 1.3 listings language file
)
(/usr/share/texmf/tex/latex/listings/lstlang2.sty
File: lstlang2.sty 2004/09/05 1.3 listings language file
)
(/usr/share/texmf/tex/latex/listings/lstlang3.sty
File: lstlang3.sty 2004/09/05 1.3 listings language file
)

! Package Listings Error: Couldn't load requested language.

See the Listings package documentation for explanation.
Type  H <return>  for immediate help.
 ...                                              
                                                  
l.321 ...}[language=Basic, caption=Python example]
                                                  
? 

! Package Listings Error: language basic undefined.

See the Listings package documentation for explanation.
Type  H <return>  for immediate help.
 ...                                              
                                                  
l.321 ...}[language=Basic, caption=Python example]
                                                  
? 

Overfull \hbox (76.2508pt too wide) in paragraph at lines 339--339
[]\T1/cmtt/m/n/9 $MY_TEST_AREA/workshop/PandoraPFA/PandoraSDK-v03-01-00/include
/Api/PandoraContentApi.h 
 []

[19] [20] (/usr/share/texmf/tex/latex/listings/lstlang1.sty
File: lstlang1.sty 2004/09/05 1.3 listings language file
)
(/usr/share/texmf/tex/latex/listings/lstlang2.sty
File: lstlang2.sty 2004/09/05 1.3 listings language file
)
(/usr/share/texmf/tex/latex/listings/lstlang3.sty
File: lstlang3.sty 2004/09/05 1.3 listings language file
)

! Package Listings Error: Couldn't load requested language.

See the Listings package documentation for explanation.
Type  H <return>  for immediate help.
 ...                                              
                                                  
l.455 ...}[language=Basic, caption=Python example]
                                                  
? 

! Package Listings Error: language basic undefined.

See the Listings package documentation for explanation.
Type  H <return>  for immediate help.
 ...                                              
                                                  
l.455 ...}[language=Basic, caption=Python example]
                                                  
? 
[21]
Overfull \hbox (9.20146pt too wide) in paragraph at lines 507--508
\T1/cmr/m/n/9 Monte Carlo Par-ti-cle list (MC-Par-ti-cle list) pro-vides de-tai
ls of true pattern-recognition
 []

[22] (/usr/share/texmf/tex/latex/listings/lstlang1.sty
File: lstlang1.sty 2004/09/05 1.3 listings language file
)
(/usr/share/texmf/tex/latex/listings/lstlang2.sty
File: lstlang2.sty 2004/09/05 1.3 listings language file
)
(/usr/share/texmf/tex/latex/listings/lstlang3.sty
File: lstlang3.sty 2004/09/05 1.3 listings language file
)

! Package Listings Error: Couldn't load requested language.

See the Listings package documentation for explanation.
Type  H <return>  for immediate help.
 ...                                              
                                                  
l.565 ...ge=Basic, caption=Output of the programm]
                                                  
? 

! Package Listings Error: language basic undefined.

See the Listings package documentation for explanation.
Type  H <return>  for immediate help.
 ...                                              
                                                  
l.565 ...ge=Basic, caption=Output of the programm]
                                                  
? 

Overfull \hbox (90.42233pt too wide) in paragraph at lines 589--589
[]\T1/cmtt/m/n/9 #define PARTICLE_DATA_TABLE(d)                                
                          \[] 
 []


Overfull \hbox (90.42233pt too wide) in paragraph at lines 590--590
[]    \T1/cmtt/m/n/9 d(PHOTON,               22,             0.E+00f,          
   0.E+00f,       0)      \[] 
 []


Overfull \hbox (90.42233pt too wide) in paragraph at lines 591--591
[]    \T1/cmtt/m/n/9 d(E_MINUS,              11,     5.10998902E-04f,          
   0.E+00f,      -1)      \[] 
 []

[23]
Overfull \hbox (90.42233pt too wide) in paragraph at lines 592--592
[]    \T1/cmtt/m/n/9 d(E_PLUS,              -11,     5.10998902E-04f,          
   0.E+00f,      +1)      \[] 
 []


Overfull \hbox (90.42233pt too wide) in paragraph at lines 593--593
[]    \T1/cmtt/m/n/9 d(MU_MINUS,             13,     1.05658357E-01f,        2.
99591E-19f,      -1)      \[] 
 []


Overfull \hbox (90.42233pt too wide) in paragraph at lines 594--594
[]    \T1/cmtt/m/n/9 d(MU_PLUS,             -13,     1.05658357E-01f,        2.
99591E-19f,      +1)      \[] 
 []


Overfull \hbox (90.42233pt too wide) in paragraph at lines 595--595
[]    \T1/cmtt/m/n/9 d(TAU_MINUS,            15,        1.77699E+00f,          
2.265E-12f,      -1)      \[] 
 []


Overfull \hbox (90.42233pt too wide) in paragraph at lines 596--596
[]    \T1/cmtt/m/n/9 d(TAU_PLUS,            -15,        1.77699E+00f,          
2.265E-12f,      +1)      \[] 
 []


Overfull \hbox (90.42233pt too wide) in paragraph at lines 597--597
[]    \T1/cmtt/m/n/9 d(NU_E,                 12,             0.E+00f,          
   0.E+00f,       0)      \[] 
 []


Overfull \hbox (90.42233pt too wide) in paragraph at lines 598--598
[]    \T1/cmtt/m/n/9 d(NU_E_BAR,            -12,             0.E+00f,          
   0.E+00f,       0)      \[] 
 []


Overfull \hbox (90.42233pt too wide) in paragraph at lines 599--599
[]    \T1/cmtt/m/n/9 d(NU_MU,                14,             0.E+00f,          
   0.E+00f,       0)      \[] 
 []


Overfull \hbox (90.42233pt too wide) in paragraph at lines 600--600
[]    \T1/cmtt/m/n/9 d(NU_MU_BAR,           -14,             0.E+00f,          
   0.E+00f,       0)      \[] 
 []


Overfull \hbox (90.42233pt too wide) in paragraph at lines 601--601
[]    \T1/cmtt/m/n/9 d(NU_TAU,               16,             0.E+00f,          
   0.E+00f,       0)      \[] 
 []


Overfull \hbox (90.42233pt too wide) in paragraph at lines 602--602
[]    \T1/cmtt/m/n/9 d(NU_TAU_BAR,          -16,             0.E+00f,          
   0.E+00f,       0)      \[] 
 []


Overfull \hbox (90.42233pt too wide) in paragraph at lines 603--603
[]    \T1/cmtt/m/n/9 d(PI_PLUS,             211,      1.3957018E-01f,         2
.5284E-17f,      +1)      \[] 
 []


Overfull \hbox (90.42233pt too wide) in paragraph at lines 604--604
[]    \T1/cmtt/m/n/9 d(PI_MINUS,           -211,      1.3957018E-01f,         2
.5284E-17f,      -1)      \[] 
 []


Overfull \hbox (90.42233pt too wide) in paragraph at lines 605--605
[]    \T1/cmtt/m/n/9 d(PI_ZERO,             111,       1.349766E-01f,          
  7.8E-09f,       0)      \[] 
 []


Overfull \hbox (90.42233pt too wide) in paragraph at lines 606--606
[]    \T1/cmtt/m/n/9 d(LAMBDA,             3122,       1.115683E+00f,          
2.501E-15f,       0)      \[] 
 []


Overfull \hbox (90.42233pt too wide) in paragraph at lines 607--607
[]    \T1/cmtt/m/n/9 d(LAMBDA_BAR,        -3122,       1.115683E+00f,          
2.501E-15f,       0)      \[] 
 []


Overfull \hbox (90.42233pt too wide) in paragraph at lines 608--608
[]    \T1/cmtt/m/n/9 d(K_PLUS,              321,        4.93677E-01f,          
5.315E-17f,      +1)      \[] 
 []


Overfull \hbox (90.42233pt too wide) in paragraph at lines 609--609
[]    \T1/cmtt/m/n/9 d(K_MINUS,            -321,        4.93677E-01f,          
5.315E-17f,      -1)      \[] 
 []


Overfull \hbox (90.42233pt too wide) in paragraph at lines 610--610
[]    \T1/cmtt/m/n/9 d(K_SHORT,             310,        4.97672E-01f,          
7.367E-15f,       0)      \[] 
 []


Overfull \hbox (90.42233pt too wide) in paragraph at lines 611--611
[]    \T1/cmtt/m/n/9 d(K_LONG,              130,        4.97672E-01f,          
1.272E-17f,       0)      \[] 
 []


Overfull \hbox (90.42233pt too wide) in paragraph at lines 612--612
[]    \T1/cmtt/m/n/9 d(SIGMA_MINUS,        3112,         1.1975E+00f,          
 8.28E-15f,      -1)      \[] 
 []


Overfull \hbox (90.42233pt too wide) in paragraph at lines 613--613
[]    \T1/cmtt/m/n/9 d(SIGMA_PLUS,         3222,         1.1975E+00f,          
 8.28E-15f,      +1)      \[] 
 []


Overfull \hbox (90.42233pt too wide) in paragraph at lines 614--614
[]    \T1/cmtt/m/n/9 d(SIGMA_MINUS_BAR,   -3112,         1.1975E+00f,          
 8.28E-15f,      +1)      \[] 
 []


Overfull \hbox (90.42233pt too wide) in paragraph at lines 615--615
[]    \T1/cmtt/m/n/9 d(SIGMA_PLUS_BAR,    -3222,         1.1975E+00f,          
 8.28E-15f,      -1)      \[] 
 []


Overfull \hbox (90.42233pt too wide) in paragraph at lines 616--616
[]    \T1/cmtt/m/n/9 d(HYPERON_ZERO ,      3322,        1.31483E+00f,          
 2.28E-15f,       0)      \[] 
 []


Overfull \hbox (90.42233pt too wide) in paragraph at lines 617--617
[]    \T1/cmtt/m/n/9 d(HYPERON_ZERO_BAR,  -3322,        1.31483E+00f,          
 2.28E-15f,       0)      \[] 
 []


Overfull \hbox (90.42233pt too wide) in paragraph at lines 618--618
[]    \T1/cmtt/m/n/9 d(HYPERON_MINUS,      3312,        1.32131E+00f,          
 4.04E-15f,      -1)      \[] 
 []


Overfull \hbox (90.42233pt too wide) in paragraph at lines 619--619
[]    \T1/cmtt/m/n/9 d(HYPERON_MINUS_BAR, -3312,        1.32131E+00f,          
 4.04E-15f,      +1)      \[] 
 []


Overfull \hbox (90.42233pt too wide) in paragraph at lines 620--620
[]    \T1/cmtt/m/n/9 d(PROTON,             2212,      9.3827200E-01f,          
   0.E+00f,      +1)      \[] 
 []


Overfull \hbox (90.42233pt too wide) in paragraph at lines 621--621
[]    \T1/cmtt/m/n/9 d(PROTON_BAR,        -2212,      9.3827200E-01f,          
   0.E+00f,      -1)      \[] 
 []


Overfull \hbox (90.42233pt too wide) in paragraph at lines 622--622
[]    \T1/cmtt/m/n/9 d(NEUTRON,            2112,      9.3956533E-01f,          
7.432E-28f,       0)      \[] 
 []

[24]
</var/clus/usera/sv408/pandora_script/calo_and_mc.png, id=99, 835.12pt x 800.99
25pt>
File: /var/clus/usera/sv408/pandora_script/calo_and_mc.png Graphic file (type p
ng)
 <use /var/clus/usera/sv408/pandora_script/calo_and_mc.png>
Overfull \hbox (109.31772pt too wide) in paragraph at lines 680--680
[]\T1/cmtt/m/n/9 $MY_TEST_AREA/WorkshopContent/examplecontent/ExampleAlgorithms
/DisplayListsAlgorithm.cc or .h 
 []

)
! Undefined control sequence.
l.138 	\backmatter
                  
? 
No file pandora_script.ind.
[25 </var/clus/usera/sv408/pandora_script/calo_and_mc.png (PNG copy)>]
Overfull \hbox (228.94647pt too wide) in paragraph at lines 148--149
[]\T1/cmr/m/n/9 FHiCL 3 Quick Start Guide https://cdcvs.fnal.gov/redmine/projec
ts/uboonecode/wiki/Guide$[]$to$[]$Using$[]$FCL$[]$files$[]$in$[]$MicroBooNE 
 []


Overfull \hbox (143.04192pt too wide) in paragraph at lines 149--150
[]\T1/cmr/m/n/9 Introduction to LAr-Soft Soft-ware https://cdcvs.fnal.gov/redmi
ne/projects/larsoft/wiki/Introduction$[]$to$[]$LArSoft 
 []


Underfull \hbox (badness 10000) in paragraph at lines 150--151
[]\T1/cmr/m/n/9 GitHub page con-tain-ing Pan-dora doc-u-men-ta-tion
 []


Underfull \hbox (badness 1400) in paragraph at lines 151--152
[]\T1/cmr/m/n/9 Difference be-tween frame-work vs Li-brary vs IDE vs API vs SDK
 vs
 []

[26

] (./pandora_script.aux) ) 
Here is how much of TeX's memory you used:
 6488 strings out of 256214
 88059 string characters out of 1917000
 280190 words of memory out of 1500000
 9620 multiletter control sequences out of 10000+200000
 19400 words of font info for 48 fonts, out of 1200000 for 2000
 645 hyphenation exceptions out of 8191
 36i,7n,60p,890b,1689s stack positions out of 5000i,500n,6000p,200000b,15000s
 </usera/sv408/.texlive2007/texmf-var/fonts/pk/ljfour
/jknappen/ec/ecti0900.600pk> </usera/sv408/.texlive2007/texmf-var/fonts/pk/ljfo
ur/jknappen/ec/tcrm0700.600pk> </usera/sv408/.texlive2007/texmf-var/fonts/pk/lj
four/jknappen/ec/ecrm0700.600pk> </usera/sv408/.texlive2007/texmf-var/fonts/pk/
ljfour/jknappen/ec/ecrm0500.600pk> </usera/sv408/.texlive2007/texmf-var/fonts/p
k/ljfour/jknappen/ec/ectt0900.600pk> </usera/sv408/.texlive2007/texmf-var/fonts
/pk/ljfour/jknappen/ec/ecbx1000.600pk> </usera/sv408/.texlive2007/texmf-var/fon
ts/pk/ljfour/jknappen/ec/ecbx1440.600pk> </usera/sv408/.texlive2007/texmf-var/f
onts/pk/ljfour/jknappen/ec/ecrm0900.600pk> </usera/sv408/.texlive2007/texmf-var
/fonts/pk/ljfour/jknappen/ec/ecbx0900.600pk> </usera/sv408/.texlive2007/texmf-v
ar/fonts/pk/ljfour/jknappen/ec/ecrm1095.600pk> </usera/sv408/.texlive2007/texmf
-var/fonts/pk/ljfour/jknappen/ec/ecbx1095.600pk> </usera/sv408/.texlive2007/tex
mf-var/fonts/pk/ljfour/jknappen/ec/ecbx1728.600pk></usr/share/texmf/fonts/type1
/bluesky/cm/cmmi9.pfb></usr/share/texmf/fonts/type1/bluesky/cm/cmr6.pfb></usr/s
hare/texmf/fonts/type1/bluesky/cm/cmr9.pfb></usr/share/texmf/fonts/type1/bluesk
y/cm/cmsy7.pfb></usr/share/texmf/fonts/type1/public/cmex/fmex9.pfb>
Output written on pandora_script.pdf (27 pages, 289645 bytes).
PDF statistics:
 612 PDF objects out of 1000 (max. 8388607)
 0 named destinations out of 1000 (max. 131072)
 16 words of extra memory for PDF output out of 10000 (max. 10000000)

